0 info it worked if it ends with ok
1 verbose cli [ 'C:\\Program Files\\nodejs\\node.exe',
1 verbose cli   'C:\\Users\\zarko\\AppData\\Roaming\\npm\\node_modules\\npm\\bin\\npm-cli.js',
1 verbose cli   'start' ]
2 info using npm@4.0.3
3 info using node@v6.9.1
4 verbose run-script [ 'prestart', 'start', 'poststart' ]
5 info lifecycle pazi-policija@0.1.0~prestart: pazi-policija@0.1.0
6 silly lifecycle pazi-policija@0.1.0~prestart: no script for prestart, continuing
7 info lifecycle pazi-policija@0.1.0~start: pazi-policija@0.1.0
8 verbose lifecycle pazi-policija@0.1.0~start: unsafe-perm in lifecycle true
9 verbose lifecycle pazi-policija@0.1.0~start: PATH: C:\Users\zarko\AppData\Roaming\npm\node_modules\npm\bin\node-gyp-bin;C:\Users\zarko\Code\pazi-policija-react\node_modules\.bin;C:\ProgramData\Oracle\Java\javapath;C:\Program Files (x86)\Razer Chroma SDK\bin;C:\Program Files\Razer Chroma SDK\bin;C:\WINDOWS\system32;C:\WINDOWS;C:\WINDOWS\System32\Wbem;C:\WINDOWS\System32\WindowsPowerShell\v1.0\;C:\Program Files\TortoiseGit\bin;C:\Program Files\Git\cmd;C:\xampp\php;C:\ProgramData\ComposerSetup\bin;C:\Users\zarko\AppData\Roaming\npm;C:\adb;C:\Program Files (x86)\Heroku\bin;C:\Program Files (x86)\git\cmd;C:\ProgramData\chocolatey\bin;C:\Program Files (x86)\NVIDIA Corporation\PhysX\Common;C:\WINDOWS\system32;C:\WINDOWS;C:\WINDOWS\System32\Wbem;C:\WINDOWS\System32\WindowsPowerShell\v1.0\;C:\HashiCorp\Vagrant\bin;C:\Users\zarko\AppData\Roaming\nvm;C:\Program Files\nodejs;C:\Program Files (x86)\PuTTY\;C:\Program Files\Java\jdk1.8.0_121\bin;C:\Program Files (x86)\Skype\Phone\;C:\Program Files (x86)\Microsoft VS Code\bin;C:\Users\zarko\AppData\Local\atom\bin;C:\Program Files\MongoDB\Server\3.2\bin;C:\Users\zarko\AppData\Roaming\Composer\vendor\bin;C:\Program Files (x86)\Git\bin;C:\Program Files (x86)\HMA! Pro VPN\bin;C:\Users\zarko\AppData\Local\Microsoft\WindowsApps;C:\Android\android-sdk\platform-tools;C:\Android\android-sdk\tools;C:\ant\bin;C:\Users\zarko\AppData\Roaming\npm;C:\Users\zarko\AppData\Roaming\nvm;C:\Program Files\nodejs;C:\Users\zarko\AppData\Local\Android\android-sdk\tools;C:\Users\zarko\AppData\Local\Android\android-sdk\platform-tools;
10 verbose lifecycle pazi-policija@0.1.0~start: CWD: C:\Users\zarko\Code\pazi-policija-react
11 silly lifecycle pazi-policija@0.1.0~start: Args: [ '/d /s /c', 'node server' ]
12 silly lifecycle pazi-policija@0.1.0~start: Returned: code: 1  signal: null
13 info lifecycle pazi-policija@0.1.0~start: Failed to exec start script
14 verbose stack Error: pazi-policija@0.1.0 start: `node server`
14 verbose stack Exit status 1
14 verbose stack     at EventEmitter.<anonymous> (C:\Users\zarko\AppData\Roaming\npm\node_modules\npm\lib\utils\lifecycle.js:279:16)
14 verbose stack     at emitTwo (events.js:106:13)
14 verbose stack     at EventEmitter.emit (events.js:191:7)
14 verbose stack     at ChildProcess.<anonymous> (C:\Users\zarko\AppData\Roaming\npm\node_modules\npm\lib\utils\spawn.js:40:14)
14 verbose stack     at emitTwo (events.js:106:13)
14 verbose stack     at ChildProcess.emit (events.js:191:7)
14 verbose stack     at maybeClose (internal/child_process.js:877:16)
14 verbose stack     at Process.ChildProcess._handle.onexit (internal/child_process.js:226:5)
15 verbose pkgid pazi-policija@0.1.0
16 verbose cwd C:\Users\zarko\Code\pazi-policija-react
17 error Windows_NT 10.0.14393
18 error argv "C:\\Program Files\\nodejs\\node.exe" "C:\\Users\\zarko\\AppData\\Roaming\\npm\\node_modules\\npm\\bin\\npm-cli.js" "start"
19 error node v6.9.1
20 error npm  v4.0.3
21 error code ELIFECYCLE
22 error pazi-policija@0.1.0 start: `node server`
22 error Exit status 1
23 error Failed at the pazi-policija@0.1.0 start script 'node server'.
23 error Make sure you have the latest version of node.js and npm installed.
23 error If you do, this is most likely a problem with the pazi-policija package,
23 error not with npm itself.
23 error Tell the author that this fails on your system:
23 error     node server
23 error You can get information on how to open an issue for this project with:
23 error     npm bugs pazi-policija
23 error Or if that isn't available, you can get their info via:
23 error     npm owner ls pazi-policija
23 error There is likely additional logging output above.
24 verbose exit [ 1, true ]
